2024-12-23T22:26:02.400Z: Log file deleted successfully.
2024-12-23T22:26:05.153Z: Checking news feeds...
2024-12-28T16:36:13.029Z: Bot logged in as NewsMoniter#9935
2024-12-28T16:36:13.033Z: Checking news feeds...
2024-12-28T16:37:03.845Z: Bot logged in as NewsMoniter#9935
2024-12-28T16:37:03.855Z: Checking news feeds...
2024-12-28T16:37:06.389Z: Completed news check in 2.534 seconds - No new articles found
2024-12-28T16:37:19.469Z: Bot logged in as NewsMoniter#9935
2024-12-28T16:37:19.472Z: Checking news feeds...
2024-12-28T16:38:05.684Z: Bot logged in as NewsMoniter#9935
2024-12-28T16:38:05.690Z: Checking news feeds...
2024-12-28T16:39:24.444Z: Bot logged in as NewsMoniter#9935
2024-12-28T16:39:24.447Z: Checking news feeds...
2024-12-28T16:39:27.000Z: Completed news check in 2.553 seconds
2024-12-28T16:39:34.484Z: Checking news feeds...
2024-12-28T16:39:37.090Z: Completed news check in 2.606 seconds - No new articles found
2024-12-28T16:39:43.737Z: Bot logged in as NewsMoniter#9935
2024-12-28T16:39:43.740Z: Checking news feeds...
2024-12-28T16:39:47.182Z: Completed news check in 3.442 seconds - No new articles found
2024-12-28T16:39:55.647Z: Bot logged in as NewsMoniter#9935
2024-12-28T16:39:55.650Z: Checking news feeds...
2024-12-28T16:41:41.785Z: Bot logged in as NewsMoniter#9935
2024-12-28T16:41:41.788Z: Checking news feeds...
2024-12-28T16:41:51.835Z: Checking news feeds...
